<?xml version="1.0" encoding="UTF-8"?>
<!-- Generated by org.testng.reporters.JUnitReportReporter -->
<testsuite hostname="LAPTOP-DIJP5OHP" failures="0" tests="1" name="com.MsRobot.testNGSelenium.NewRobot" time="14.027" errors="0" timestamp="03 Mar. 2019 21:54:14 GMT" skipped="0">
  <testcase classname="com.MsRobot.testNGSelenium.NewRobot" name="VerifyLoginpage" time="14.027"/>
</testsuite> <!-- com.MsRobot.testNGSelenium.NewRobot -->
